Windows PowerShell
Copyright (C) 2016 Microsoft Corporation. All rights reserved.

PS C:\Windows\system32> cd \
PS C:\> cd .\CBS\
PS C:\CBS> ls


    Directory: C:\CBS


Mode                LastWriteTime         Length Name
----                -------------         ------ ----
-a----        7/20/2017  11:20 PM           6462 Vagrantfile


PS C:\CBS> vagrant up
Bringing machine 'default' up with 'virtualbox' provider...
==> default: Importing base box 'centos/7'...
==> default: Matching MAC address for NAT networking...
==> default: Checking if box 'centos/7' is up to date...
==> default: Setting the name of the VM: CBS_default_1500610907635_48080
==> default: Clearing any previously set network interfaces...
==> default: Preparing network interfaces based on configuration...
    default: Adapter 1: nat
==> default: Forwarding ports...
    default: 8001 (guest) => 8001 (host) (adapter 1)
    default: 22 (guest) => 2222 (host) (adapter 1)
==> default: Running 'pre-boot' VM customizations...
==> default: Booting VM...
==> default: Waiting for machine to boot. This may take a few minutes...
    default: SSH address: 127.0.0.1:2222
    default: SSH username: vagrant
    default: SSH auth method: private key
    default:
    default: Vagrant insecure key detected. Vagrant will automatically replace
    default: this with a newly generated keypair for better security.
    default:
    default: Inserting generated public key within guest...
    default: Removing insecure key from the guest if it's present...
    default: Key inserted! Disconnecting and reconnecting using new SSH key...
==> default: Machine booted and ready!
[default] No installation found.
Loaded plugins: fastestmirror
Determining fastest mirrors
 * base: mirrors.umflint.edu
 * extras: chicago.gaminghost.co
 * updates: chicago.gaminghost.co
Package binutils-2.25.1-22.base.el7.x86_64 already installed and latest version
Package 1:make-3.82-23.el7.x86_64 already installed and latest version
Package bzip2-1.0.6-13.el7.x86_64 already installed and latest version
Resolving Dependencies
--> Running transaction check
---> Package gcc.x86_64 0:4.8.5-11.el7 will be installed
--> Processing Dependency: cpp = 4.8.5-11.el7 for package: gcc-4.8.5-11.el7.x86_64
--> Processing Dependency: glibc-devel >= 2.2.90-12 for package: gcc-4.8.5-11.el7.x86_64
--> Processing Dependency: libmpfr.so.4()(64bit) for package: gcc-4.8.5-11.el7.x86_64
--> Processing Dependency: libmpc.so.3()(64bit) for package: gcc-4.8.5-11.el7.x86_64
---> Package kernel-devel.x86_64 0:3.10.0-514.26.2.el7 will be installed
---> Package perl.x86_64 4:5.16.3-291.el7 will be installed
--> Processing Dependency: perl-libs = 4:5.16.3-291.el7 for package: 4:perl-5.16.3-291.el7.x86_64
--> Processing Dependency: perl(Socket) >= 1.3 for package: 4:perl-5.16.3-291.el7.x86_64
--> Processing Dependency: perl(Scalar::Util) >= 1.10 for package: 4:perl-5.16.3-291.el7.x86_64
--> Processing Dependency: perl-macros for package: 4:perl-5.16.3-291.el7.x86_64
--> Processing Dependency: perl-libs for package: 4:perl-5.16.3-291.el7.x86_64
--> Processing Dependency: perl(threads::shared) for package: 4:perl-5.16.3-291.el7.x86_64
--> Processing Dependency: perl(threads) for package: 4:perl-5.16.3-291.el7.x86_64
--> Processing Dependency: perl(constant) for package: 4:perl-5.16.3-291.el7.x86_64
--> Processing Dependency: perl(Time::Local) for package: 4:perl-5.16.3-291.el7.x86_64
--> Processing Dependency: perl(Time::HiRes) for package: 4:perl-5.16.3-291.el7.x86_64
--> Processing Dependency: perl(Storable) for package: 4:perl-5.16.3-291.el7.x86_64
--> Processing Dependency: perl(Socket) for package: 4:perl-5.16.3-291.el7.x86_64
--> Processing Dependency: perl(Scalar::Util) for package: 4:perl-5.16.3-291.el7.x86_64
--> Processing Dependency: perl(Pod::Simple::XHTML) for package: 4:perl-5.16.3-291.el7.x86_64
--> Processing Dependency: perl(Pod::Simple::Search) for package: 4:perl-5.16.3-291.el7.x86_64
--> Processing Dependency: perl(Getopt::Long) for package: 4:perl-5.16.3-291.el7.x86_64
--> Processing Dependency: perl(Filter::Util::Call) for package: 4:perl-5.16.3-291.el7.x86_64
--> Processing Dependency: perl(File::Temp) for package: 4:perl-5.16.3-291.el7.x86_64
--> Processing Dependency: perl(File::Spec::Unix) for package: 4:perl-5.16.3-291.el7.x86_64
--> Processing Dependency: perl(File::Spec::Functions) for package: 4:perl-5.16.3-291.el7.x86_64
--> Processing Dependency: perl(File::Spec) for package: 4:perl-5.16.3-291.el7.x86_64
--> Processing Dependency: perl(File::Path) for package: 4:perl-5.16.3-291.el7.x86_64
--> Processing Dependency: perl(Exporter) for package: 4:perl-5.16.3-291.el7.x86_64
--> Processing Dependency: perl(Cwd) for package: 4:perl-5.16.3-291.el7.x86_64
--> Processing Dependency: perl(Carp) for package: 4:perl-5.16.3-291.el7.x86_64
--> Processing Dependency: libperl.so()(64bit) for package: 4:perl-5.16.3-291.el7.x86_64
--> Running transaction check
---> Package cpp.x86_64 0:4.8.5-11.el7 will be installed
---> Package glibc-devel.x86_64 0:2.17-157.el7_3.5 will be installed
--> Processing Dependency: glibc-headers = 2.17-157.el7_3.5 for package: glibc-devel-2.17-157.el7_3.5.x86_64
--> Processing Dependency: glibc = 2.17-157.el7_3.5 for package: glibc-devel-2.17-157.el7_3.5.x86_64
--> Processing Dependency: glibc-headers for package: glibc-devel-2.17-157.el7_3.5.x86_64
---> Package libmpc.x86_64 0:1.0.1-3.el7 will be installed
---> Package mpfr.x86_64 0:3.1.1-4.el7 will be installed
---> Package perl-Carp.noarch 0:1.26-244.el7 will be installed
---> Package perl-Exporter.noarch 0:5.68-3.el7 will be installed
---> Package perl-File-Path.noarch 0:2.09-2.el7 will be installed
---> Package perl-File-Temp.noarch 0:0.23.01-3.el7 will be installed
---> Package perl-Filter.x86_64 0:1.49-3.el7 will be installed
---> Package perl-Getopt-Long.noarch 0:2.40-2.el7 will be installed
--> Processing Dependency: perl(Pod::Usage) >= 1.14 for package: perl-Getopt-Long-2.40-2.el7.noarch
--> Processing Dependency: perl(Text::ParseWords) for package: perl-Getopt-Long-2.40-2.el7.noarch
---> Package perl-PathTools.x86_64 0:3.40-5.el7 will be installed
---> Package perl-Pod-Simple.noarch 1:3.28-4.el7 will be installed
--> Processing Dependency: perl(Pod::Escapes) >= 1.04 for package: 1:perl-Pod-Simple-3.28-4.el7.noarch
--> Processing Dependency: perl(Encode) for package: 1:perl-Pod-Simple-3.28-4.el7.noarch
---> Package perl-Scalar-List-Utils.x86_64 0:1.27-248.el7 will be installed
---> Package perl-Socket.x86_64 0:2.010-4.el7 will be installed
---> Package perl-Storable.x86_64 0:2.45-3.el7 will be installed
---> Package perl-Time-HiRes.x86_64 4:1.9725-3.el7 will be installed
---> Package perl-Time-Local.noarch 0:1.2300-2.el7 will be installed
---> Package perl-constant.noarch 0:1.27-2.el7 will be installed
---> Package perl-libs.x86_64 4:5.16.3-291.el7 will be installed
---> Package perl-macros.x86_64 4:5.16.3-291.el7 will be installed
---> Package perl-threads.x86_64 0:1.87-4.el7 will be installed
---> Package perl-threads-shared.x86_64 0:1.43-6.el7 will be installed
--> Running transaction check
---> Package glibc.x86_64 0:2.17-157.el7_3.4 will be updated
--> Processing Dependency: glibc = 2.17-157.el7_3.4 for package: glibc-common-2.17-157.el7_3.4.x86_64
---> Package glibc.x86_64 0:2.17-157.el7_3.5 will be an update
---> Package glibc-headers.x86_64 0:2.17-157.el7_3.5 will be installed
--> Processing Dependency: kernel-headers >= 2.2.1 for package: glibc-headers-2.17-157.el7_3.5.x86_64
--> Processing Dependency: kernel-headers for package: glibc-headers-2.17-157.el7_3.5.x86_64
---> Package perl-Encode.x86_64 0:2.51-7.el7 will be installed
---> Package perl-Pod-Escapes.noarch 1:1.04-291.el7 will be installed
---> Package perl-Pod-Usage.noarch 0:1.63-3.el7 will be installed
--> Processing Dependency: perl(Pod::Text) >= 3.15 for package: perl-Pod-Usage-1.63-3.el7.noarch
--> Processing Dependency: perl-Pod-Perldoc for package: perl-Pod-Usage-1.63-3.el7.noarch
---> Package perl-Text-ParseWords.noarch 0:3.29-4.el7 will be installed
--> Running transaction check
---> Package glibc-common.x86_64 0:2.17-157.el7_3.4 will be updated
---> Package glibc-common.x86_64 0:2.17-157.el7_3.5 will be an update
---> Package kernel-headers.x86_64 0:3.10.0-514.26.2.el7 will be installed
---> Package perl-Pod-Perldoc.noarch 0:3.20-4.el7 will be installed
--> Processing Dependency: perl(parent) for package: perl-Pod-Perldoc-3.20-4.el7.noarch
--> Processing Dependency: perl(HTTP::Tiny) for package: perl-Pod-Perldoc-3.20-4.el7.noarch
---> Package perl-podlators.noarch 0:2.5.1-3.el7 will be installed
--> Running transaction check
---> Package perl-HTTP-Tiny.noarch 0:0.033-3.el7 will be installed
---> Package perl-parent.noarch 1:0.225-244.el7 will be installed
--> Finished Dependency Resolution

Dependencies Resolved

================================================================================
 Package                   Arch      Version                   Repository  Size
================================================================================
Installing:
 gcc                       x86_64    4.8.5-11.el7              base        16 M
 kernel-devel              x86_64    3.10.0-514.26.2.el7       updates     13 M
 perl                      x86_64    4:5.16.3-291.el7          base       8.0 M
Installing for dependencies:
 cpp                       x86_64    4.8.5-11.el7              base       5.9 M
 glibc-devel               x86_64    2.17-157.el7_3.5          updates    1.1 M
 glibc-headers             x86_64    2.17-157.el7_3.5          updates    669 k
 kernel-headers            x86_64    3.10.0-514.26.2.el7       updates    4.8 M
 libmpc                    x86_64    1.0.1-3.el7               base        51 k
 mpfr                      x86_64    3.1.1-4.el7               base       203 k
 perl-Carp                 noarch    1.26-244.el7              base        19 k
 perl-Encode               x86_64    2.51-7.el7                base       1.5 M
 perl-Exporter             noarch    5.68-3.el7                base        28 k
 perl-File-Path            noarch    2.09-2.el7                base        26 k
 perl-File-Temp            noarch    0.23.01-3.el7             base        56 k
 perl-Filter               x86_64    1.49-3.el7                base        76 k
 perl-Getopt-Long          noarch    2.40-2.el7                base        56 k
 perl-HTTP-Tiny            noarch    0.033-3.el7               base        38 k
 perl-PathTools            x86_64    3.40-5.el7                base        82 k
 perl-Pod-Escapes          noarch    1:1.04-291.el7            base        51 k
 perl-Pod-Perldoc          noarch    3.20-4.el7                base        87 k
 perl-Pod-Simple           noarch    1:3.28-4.el7              base       216 k
 perl-Pod-Usage            noarch    1.63-3.el7                base        27 k
 perl-Scalar-List-Utils    x86_64    1.27-248.el7              base        36 k
 perl-Socket               x86_64    2.010-4.el7               base        49 k
 perl-Storable             x86_64    2.45-3.el7                base        77 k
 perl-Text-ParseWords      noarch    3.29-4.el7                base        14 k
 perl-Time-HiRes           x86_64    4:1.9725-3.el7            base        45 k
 perl-Time-Local           noarch    1.2300-2.el7              base        24 k
 perl-constant             noarch    1.27-2.el7                base        19 k
 perl-libs                 x86_64    4:5.16.3-291.el7          base       688 k
 perl-macros               x86_64    4:5.16.3-291.el7          base        43 k
 perl-parent               noarch    1:0.225-244.el7           base        12 k
 perl-podlators            noarch    2.5.1-3.el7               base       112 k
 perl-threads              x86_64    1.87-4.el7                base        49 k
 perl-threads-shared       x86_64    1.43-6.el7                base        39 k
Updating for dependencies:
 glibc                     x86_64    2.17-157.el7_3.5          updates    3.6 M
 glibc-common              x86_64    2.17-157.el7_3.5          updates     11 M

Transaction Summary
================================================================================
Install  3 Packages (+32 Dependent packages)
Upgrade             (  2 Dependent packages)

Total download size: 68 M
Downloading packages:
Delta RPMs reduced 3.6 M of updates to 631 k (82% saved)
warning: /var/cache/yum/x86_64/7/base/packages/cpp-4.8.5-11.el7.x86_64.rpm: Header V3 RSA/SHA256 Signature, key ID f4a80
eb5: NOKEY
Public key for cpp-4.8.5-11.el7.x86_64.rpm is not installed
Public key for glibc-devel-2.17-157.el7_3.5.x86_64.rpm is not installed
--------------------------------------------------------------------------------
Total                                               10 MB/s |  65 MB  00:06
Retrieving key from file:///etc/pki/rpm-gpg/RPM-GPG-KEY-CentOS-7
Importing GPG key 0xF4A80EB5:
 Userid     : "CentOS-7 Key (CentOS 7 Official Signing Key) <security@centos.org>"
 Fingerprint: 6341 ab27 53d7 8a78 a7c2 7bb1 24c6 a8a7 f4a8 0eb5
 Package    : centos-release-7-3.1611.el7.centos.x86_64 (@anaconda)
 From       : /etc/pki/rpm-gpg/RPM-GPG-KEY-CentOS-7
Running transaction check
Running transaction test
Transaction test succeeded
Running transaction
  Updating   : glibc-common-2.17-157.el7_3.5.x86_64                        1/39
  Updating   : glibc-2.17-157.el7_3.5.x86_64                               2/39
  Installing : mpfr-3.1.1-4.el7.x86_64                                     3/39
  Installing : libmpc-1.0.1-3.el7.x86_64                                   4/39
  Installing : cpp-4.8.5-11.el7.x86_64                                     5/39
  Installing : 1:perl-parent-0.225-244.el7.noarch                          6/39
  Installing : perl-HTTP-Tiny-0.033-3.el7.noarch                           7/39
  Installing : perl-podlators-2.5.1-3.el7.noarch                           8/39
  Installing : perl-Pod-Perldoc-3.20-4.el7.noarch                          9/39
  Installing : 1:perl-Pod-Escapes-1.04-291.el7.noarch                     10/39
  Installing : perl-Encode-2.51-7.el7.x86_64                              11/39
  Installing : perl-Text-ParseWords-3.29-4.el7.noarch                     12/39
  Installing : perl-Pod-Usage-1.63-3.el7.noarch                           13/39
  Installing : perl-Storable-2.45-3.el7.x86_64                            14/39
  Installing : perl-Exporter-5.68-3.el7.noarch                            15/39
  Installing : perl-constant-1.27-2.el7.noarch                            16/39
  Installing : perl-Time-Local-1.2300-2.el7.noarch                        17/39
  Installing : perl-Socket-2.010-4.el7.x86_64                             18/39
  Installing : perl-Carp-1.26-244.el7.noarch                              19/39
  Installing : 4:perl-Time-HiRes-1.9725-3.el7.x86_64                      20/39
  Installing : perl-PathTools-3.40-5.el7.x86_64                           21/39
  Installing : perl-Scalar-List-Utils-1.27-248.el7.x86_64                 22/39
  Installing : 4:perl-libs-5.16.3-291.el7.x86_64                          23/39
  Installing : 4:perl-macros-5.16.3-291.el7.x86_64                        24/39
  Installing : 1:perl-Pod-Simple-3.28-4.el7.noarch                        25/39
  Installing : perl-File-Temp-0.23.01-3.el7.noarch                        26/39
  Installing : perl-File-Path-2.09-2.el7.noarch                           27/39
  Installing : perl-threads-shared-1.43-6.el7.x86_64                      28/39
  Installing : perl-threads-1.87-4.el7.x86_64                             29/39
  Installing : perl-Filter-1.49-3.el7.x86_64                              30/39
  Installing : perl-Getopt-Long-2.40-2.el7.noarch                         31/39
  Installing : 4:perl-5.16.3-291.el7.x86_64                               32/39
  Installing : kernel-headers-3.10.0-514.26.2.el7.x86_64                  33/39
  Installing : glibc-headers-2.17-157.el7_3.5.x86_64                      34/39
  Installing : glibc-devel-2.17-157.el7_3.5.x86_64                        35/39
  Installing : gcc-4.8.5-11.el7.x86_64                                    36/39
  Installing : kernel-devel-3.10.0-514.26.2.el7.x86_64                    37/39
  Cleanup    : glibc-common-2.17-157.el7_3.4.x86_64                       38/39
  Cleanup    : glibc-2.17-157.el7_3.4.x86_64                              39/39
  Verifying  : perl-HTTP-Tiny-0.033-3.el7.noarch                           1/39
  Verifying  : kernel-headers-3.10.0-514.26.2.el7.x86_64                   2/39
  Verifying  : perl-threads-shared-1.43-6.el7.x86_64                       3/39
  Verifying  : perl-Storable-2.45-3.el7.x86_64                             4/39
  Verifying  : mpfr-3.1.1-4.el7.x86_64                                     5/39
  Verifying  : perl-Exporter-5.68-3.el7.noarch                             6/39
  Verifying  : perl-constant-1.27-2.el7.noarch                             7/39
  Verifying  : perl-PathTools-3.40-5.el7.x86_64                            8/39
  Verifying  : cpp-4.8.5-11.el7.x86_64                                     9/39
  Verifying  : 1:perl-Pod-Escapes-1.04-291.el7.noarch                     10/39
  Verifying  : 1:perl-parent-0.225-244.el7.noarch                         11/39
  Verifying  : glibc-2.17-157.el7_3.5.x86_64                              12/39
  Verifying  : perl-File-Temp-0.23.01-3.el7.noarch                        13/39
  Verifying  : 1:perl-Pod-Simple-3.28-4.el7.noarch                        14/39
  Verifying  : perl-Time-Local-1.2300-2.el7.noarch                        15/39
  Verifying  : perl-Pod-Perldoc-3.20-4.el7.noarch                         16/39
  Verifying  : perl-Socket-2.010-4.el7.x86_64                             17/39
  Verifying  : perl-Carp-1.26-244.el7.noarch                              18/39
  Verifying  : glibc-common-2.17-157.el7_3.5.x86_64                       19/39
  Verifying  : 4:perl-Time-HiRes-1.9725-3.el7.x86_64                      20/39
  Verifying  : perl-Scalar-List-Utils-1.27-248.el7.x86_64                 21/39
  Verifying  : libmpc-1.0.1-3.el7.x86_64                                  22/39
  Verifying  : 4:perl-libs-5.16.3-291.el7.x86_64                          23/39
  Verifying  : 4:perl-macros-5.16.3-291.el7.x86_64                        24/39
  Verifying  : kernel-devel-3.10.0-514.26.2.el7.x86_64                    25/39
  Verifying  : perl-Pod-Usage-1.63-3.el7.noarch                           26/39
  Verifying  : perl-Encode-2.51-7.el7.x86_64                              27/39
  Verifying  : glibc-devel-2.17-157.el7_3.5.x86_64                        28/39
  Verifying  : perl-podlators-2.5.1-3.el7.noarch                          29/39
  Verifying  : perl-Getopt-Long-2.40-2.el7.noarch                         30/39
  Verifying  : perl-File-Path-2.09-2.el7.noarch                           31/39
  Verifying  : 4:perl-5.16.3-291.el7.x86_64                               32/39
  Verifying  : perl-threads-1.87-4.el7.x86_64                             33/39
  Verifying  : perl-Filter-1.49-3.el7.x86_64                              34/39
  Verifying  : perl-Text-ParseWords-3.29-4.el7.noarch                     35/39
  Verifying  : gcc-4.8.5-11.el7.x86_64                                    36/39
  Verifying  : glibc-headers-2.17-157.el7_3.5.x86_64                      37/39
  Verifying  : glibc-common-2.17-157.el7_3.4.x86_64                       38/39
  Verifying  : glibc-2.17-157.el7_3.4.x86_64                              39/39

Installed:
  gcc.x86_64 0:4.8.5-11.el7        kernel-devel.x86_64 0:3.10.0-514.26.2.el7
  perl.x86_64 4:5.16.3-291.el7

Dependency Installed:
  cpp.x86_64 0:4.8.5-11.el7
  glibc-devel.x86_64 0:2.17-157.el7_3.5
  glibc-headers.x86_64 0:2.17-157.el7_3.5
  kernel-headers.x86_64 0:3.10.0-514.26.2.el7
  libmpc.x86_64 0:1.0.1-3.el7
  mpfr.x86_64 0:3.1.1-4.el7
  perl-Carp.noarch 0:1.26-244.el7
  perl-Encode.x86_64 0:2.51-7.el7
  perl-Exporter.noarch 0:5.68-3.el7
  perl-File-Path.noarch 0:2.09-2.el7
  perl-File-Temp.noarch 0:0.23.01-3.el7
  perl-Filter.x86_64 0:1.49-3.el7
  perl-Getopt-Long.noarch 0:2.40-2.el7
  perl-HTTP-Tiny.noarch 0:0.033-3.el7
  perl-PathTools.x86_64 0:3.40-5.el7
  perl-Pod-Escapes.noarch 1:1.04-291.el7
  perl-Pod-Perldoc.noarch 0:3.20-4.el7
  perl-Pod-Simple.noarch 1:3.28-4.el7
  perl-Pod-Usage.noarch 0:1.63-3.el7
  perl-Scalar-List-Utils.x86_64 0:1.27-248.el7
  perl-Socket.x86_64 0:2.010-4.el7
  perl-Storable.x86_64 0:2.45-3.el7
  perl-Text-ParseWords.noarch 0:3.29-4.el7
  perl-Time-HiRes.x86_64 4:1.9725-3.el7
  perl-Time-Local.noarch 0:1.2300-2.el7
  perl-constant.noarch 0:1.27-2.el7
  perl-libs.x86_64 4:5.16.3-291.el7
  perl-macros.x86_64 4:5.16.3-291.el7
  perl-parent.noarch 1:0.225-244.el7
  perl-podlators.noarch 0:2.5.1-3.el7
  perl-threads.x86_64 0:1.87-4.el7
  perl-threads-shared.x86_64 0:1.43-6.el7

Dependency Updated:
  glibc.x86_64 0:2.17-157.el7_3.5     glibc-common.x86_64 0:2.17-157.el7_3.5

Complete!
Copy iso file C:\Program Files\Oracle\VirtualBox\VBoxGuestAdditions.iso into the box /tmp/VBoxGuestAdditions.iso
mount: /dev/loop0 is write-protected, mounting read-only
Installing Virtualbox Guest Additions 5.1.24 - guest version is unknown
Verifying archive integrity... All good.
Uncompressing VirtualBox 5.1.24 Guest Additions for Linux...........
VirtualBox Guest Additions installer
Copying additional installer modules ...
Installing additional modules ...
vboxadd.sh: Starting the VirtualBox Guest Additions.

Could not find the X.Org or XFree86 Window System, skipping.
Redirecting to /bin/systemctl start  vboxadd.service
Redirecting to /bin/systemctl start  vboxadd-service.service
==> default: Checking for guest additions in VM...
==> default: Setting hostname...
==> default: Rsyncing folder: /cygdrive/c/CBS/ => /vagrant
==> default: Mounting shared folders...
    default: /vagrant_data => C:/CBS
==> default: Running provisioner: shell...
    default: Running: inline script
==> default: Loaded plugins: fastestmirror
==> default: Loading mirror speeds from cached hostfile
==> default:  * base: mirrors.umflint.edu
==> default:  * extras: chicago.gaminghost.co
==> default:  * updates: chicago.gaminghost.co
==> default:
==> default: bind-libs-lite.x86_64                32:9.9.4-50.el7_3.1                 updates
==> default: bind-license.noarch                  32:9.9.4-50.el7_3.1                 updates
==> default: Loaded plugins: fastestmirror
==> default: Loading mirror speeds from cached hostfile
==> default:  * base: mirrors.umflint.edu
==> default:  * extras: chicago.gaminghost.co
==> default:  * updates: chicago.gaminghost.co
==> default: Metadata Cache Created
==> default: ************************************************************
==> default: **************** Installing GIT ****************************
==> default: ************************************************************
==> default: Loaded plugins: fastestmirror
==> default: Loading mirror speeds from cached hostfile
==> default:  * base: mirrors.umflint.edu
==> default:  * extras: chicago.gaminghost.co
==> default:  * updates: chicago.gaminghost.co
==> default: Resolving Dependencies
==> default: --> Running transaction check
==> default: ---> Package git.x86_64 0:1.8.3.1-6.el7_2.1 will be installed
==> default: --> Processing Dependency: perl-Git = 1.8.3.1-6.el7_2.1 for package: git-1.8.3.1-6.el7_2.1.x86_64
==> default: --> Processing Dependency: perl(Term::ReadKey) for package: git-1.8.3.1-6.el7_2.1.x86_64
==> default: --> Processing Dependency: perl(Git) for package: git-1.8.3.1-6.el7_2.1.x86_64
==> default: --> Processing Dependency: perl(Error) for package: git-1.8.3.1-6.el7_2.1.x86_64
==> default: --> Processing Dependency: libgnome-keyring.so.0()(64bit) for package: git-1.8.3.1-6.el7_2.1.x86_64
==> default: --> Running transaction check
==> default: ---> Package libgnome-keyring.x86_64 0:3.8.0-3.el7 will be installed
==> default: ---> Package perl-Error.noarch 1:0.17020-2.el7 will be installed
==> default: ---> Package perl-Git.noarch 0:1.8.3.1-6.el7_2.1 will be installed
==> default: ---> Package perl-TermReadKey.x86_64 0:2.30-20.el7 will be installed
==> default: --> Finished Dependency Resolution
==> default:
==> default: Dependencies Resolved
==> default:
==> default: ================================================================================
==> default:  Package                Arch         Version                   Repository  Size
==> default: ================================================================================
==> default: Installing:
==> default:  git                    x86_64       1.8.3.1-6.el7_2.1         base       4.4 M
==> default: Installing for dependencies:
==> default:  libgnome-keyring       x86_64       3.8.0-3.el7               base       109 k
==> default:  perl-Error             noarch       1:0.17020-2.el7           base        32 k
==> default:  perl-Git               noarch       1.8.3.1-6.el7_2.1         base        53 k
==> default:  perl-TermReadKey       x86_64       2.30-20.el7               base        31 k
==> default:
==> default: Transaction Summary
==> default: ================================================================================
==> default: Install  1 Package (+4 Dependent packages)
==> default:
==> default: Total download size: 4.6 M
==> default: Installed size: 23 M
==> default: Downloading packages:
==> default: --------------------------------------------------------------------------------
==> default: Total                                              6.1 MB/s | 4.6 MB  00:00
==> default: Running transaction check
==> default: Running transaction test
==> default: Transaction test succeeded
==> default: Running transaction
==> default:   Installing : 1:perl-Error-0.17020-2.el7.noarch                            1/5
==> default:
==> default:   Installing : libgnome-keyring-3.8.0-3.el7.x86_64                          2/5
==> default:
==> default:   Installing : perl-TermReadKey-2.30-20.el7.x86_64                          3/5
==> default:
==> default:   Installing : git-1.8.3.1-6.el7_2.1.x86_64                                 4/5
==> default:
==> default:   Installing : perl-Git-1.8.3.1-6.el7_2.1.noarch                            5/5
==> default:
==> default:   Verifying  : perl-Git-1.8.3.1-6.el7_2.1.noarch                            1/5
==> default:
==> default:   Verifying  : perl-TermReadKey-2.30-20.el7.x86_64                          2/5
==> default:
==> default:   Verifying  : libgnome-keyring-3.8.0-3.el7.x86_64                          3/5
==> default:
==> default:   Verifying  : 1:perl-Error-0.17020-2.el7.noarch                            4/5
==> default:
==> default:   Verifying  : git-1.8.3.1-6.el7_2.1.x86_64                                 5/5
==> default:
==> default:
==> default: Installed:
==> default:   git.x86_64 0:1.8.3.1-6.el7_2.1
==> default:
==> default: Dependency Installed:
==> default:   libgnome-keyring.x86_64 0:3.8.0-3.el7  perl-Error.noarch 1:0.17020-2.el7
==> default:   perl-Git.noarch 0:1.8.3.1-6.el7_2.1    perl-TermReadKey.x86_64 0:2.30-20.el7
==> default: Complete!
==> default: Loaded plugins: fastestmirror
==> default: Loading mirror speeds from cached hostfile
==> default:  * base: mirrors.umflint.edu
==> default:  * extras: chicago.gaminghost.co
==> default:  * updates: chicago.gaminghost.co
==> default: No package mvn available.
==> default: Error: Nothing to do
==> default: Loaded plugins: fastestmirror
==> default: Error: No matching Packages to list
==> default: Loaded plugins: fastestmirror
==> default: Error: No matching Packages to list
==> default: ************************************************************
==> default: *** Installing latest version of Docker Community Edition *****
==> default: ************************************************************
==> default: Loaded plugins: fastestmirror
==> default: Loading mirror speeds from cached hostfile
==> default:  * base: mirrors.umflint.edu
==> default:  * extras: chicago.gaminghost.co
==> default:  * updates: chicago.gaminghost.co
==> default: Package yum-utils-1.1.31-40.el7.noarch already installed and latest version
==> default: Package device-mapper-persistent-data-0.6.3-1.el7.x86_64 already installed and latest version
==> default: Package 7:lvm2-2.02.166-1.el7_3.5.x86_64 already installed and latest version
==> default: Nothing to do
==> default: + sh -c 'yum install -y -q yum-utils'
==> default: Package yum-utils-1.1.31-40.el7.noarch already installed and latest version
==> default: + sh -c 'yum-config-manager --add-repo https://download.docker.com/linux/centos/docker-ce.repo'
==> default: Loaded plugins: fastestmirror
==> default: adding repo from: https://download.docker.com/linux/centos/docker-ce.repo
==> default: grabbing file https://download.docker.com/linux/centos/docker-ce.repo to /etc/yum.repos.d/docker-ce.repo
==> default: repo saved to /etc/yum.repos.d/docker-ce.repo
==> default: Info: Enabling channel 'edge' for docker-ce repo
==> default: + '[' edge '!=' stable ']'
==> default: + echo 'Info: Enabling channel '\''edge'\'' for docker-ce repo'
==> default: + sh -c 'yum-config-manager --enable docker-ce-edge'
==> default: Loaded plugins: fastestmirror
==> default: ============================= repo: docker-ce-edge =============================
==> default: [docker-ce-edge]
==> default: async = True
==> default: bandwidth = 0
==> default: base_persistdir = /var/lib/yum/repos/x86_64/7
==> default: baseurl = https://download.docker.com/linux/centos/7/x86_64/edge
==> default: cache = 0
==> default: cachedir = /var/cache/yum/x86_64/7/docker-ce-edge
==> default: check_config_file_age = True
==> default: compare_providers_priority = 80
==> default: cost = 1000
==> default: deltarpm_metadata_percentage = 100
==> default: deltarpm_percentage =
==> default: enabled = 1
==> default: enablegroups = True
==> default: exclude =
==> default: failovermethod = priority
==> default: ftp_disable_epsv = False
==> default: gpgcadir = /var/lib/yum/repos/x86_64/7/docker-ce-edge/gpgcadir
==> default: gpgcakey =
==> default: gpgcheck = True
==> default: gpgdir = /var/lib/yum/repos/x86_64/7/docker-ce-edge/gpgdir
==> default: gpgkey = https://download.docker.com/linux/centos/gpg
==> default: hdrdir = /var/cache/yum/x86_64/7/docker-ce-edge/headers
==> default: http_caching = all
==> default: includepkgs =
==> default: ip_resolve =
==> default: keepalive = True
==> default: keepcache = False
==> default: mddownloadpolicy = sqlite
==> default: mdpolicy = group:small
==> default: mediaid =
==> default: metadata_expire = 21600
==> default: metadata_expire_filter = read-only:present
==> default: metalink =
==> default: minrate = 0
==> default: mirrorlist =
==> default: mirrorlist_expire = 86400
==> default: name = Docker CE Edge - x86_64
==> default: old_base_cache_dir =
==> default: password =
==> default: persistdir = /var/lib/yum/repos/x86_64/7/docker-ce-edge
==> default: pkgdir = /var/cache/yum/x86_64/7/docker-ce-edge/packages
==> default: proxy = False
==> default: proxy_dict =
==> default: proxy_password =
==> default: proxy_username =
==> default: repo_gpgcheck = False
==> default: retries = 10
==> default: skip_if_unavailable = False
==> default: ssl_check_cert_permissions = True
==> default: sslcacert =
==> default: sslclientcert =
==> default: sslclientkey =
==> default: sslverify = True
==> default: throttle = 0
==> default: timeout = 30.0
==> default: ui_id = docker-ce-edge/x86_64
==> default: ui_repoid_vars = releasever,
==> default:    basearch
==> default: username =
==> default: + sh -c 'yum makecache fast'
==> default: Loaded plugins: fastestmirror
==> default: Loading mirror speeds from cached hostfile
==> default:  * base: mirrors.umflint.edu
==> default:  * extras: chicago.gaminghost.co
==> default:  * updates: chicago.gaminghost.co
==> default: Metadata Cache Created
==> default: + sh -c 'yum install -y -q docker-ce'
==> default: http://lug.mtu.edu/centos/7.3.1611/extras/x86_64/Packages/container-selinux-2.19-2.1.el7.noarch.rpm: [Errno
 14] HTTP Error 404 - Not Found
==> default: Trying other mirror.
==> default: To address this issue please refer to the below knowledge base article
==> default:
==> default: https://access.redhat.com/articles/1320623
==> default:
==> default: If above article doesn't help to resolve this issue please create a bug on https://bugs.centos.org/
==> default: warning: /var/cache/yum/x86_64/7/docker-ce-edge/packages/docker-ce-17.06.0.ce-1.el7.centos.x86_64.rpm: Head
er V4 RSA/SHA512 Signature, key ID 621e9f35: NOKEY
==> default: Public key for docker-ce-17.06.0.ce-1.el7.centos.x86_64.rpm is not installed
==> default: Importing GPG key 0x621E9F35:
==> default:  Userid     : "Docker Release (CE rpm) <docker@docker.com>"
==> default:  Fingerprint: 060a 61c5 1b55 8a7f 742b 77aa c52f eb6b 621e 9f35
==> default:  From       : https://download.docker.com/linux/centos/gpg
==> default:
==> default: If you would like to use Docker as a non-root user, you should now consider
==> default: adding your user to the "docker" group with something like:
==> default:
==> default:   sudo usermod -aG docker your-user
==> default:
==> default: Remember that you will have to log out and back in for this to take effect!
==> default:
==> default: WARNING: Adding a user to the "docker" group will grant the ability to run
==> default:          containers which can be used to obtain root privileges on the
==> default:          docker host.
==> default:          Refer to https://docs.docker.com/engine/security/security/#docker-daemon-attack-surface
==> default:          for more information.
==> default: ● docker.service - Docker Application Container Engine
==> default:    Loaded: loaded (/usr/lib/systemd/system/docker.service; disabled; vendor preset: disabled)
==> default:    Active: active (running) since Fri 2017-07-21 04:24:08 UTC; 7ms ago
==> default:      Docs: https://docs.docker.com
==> default:  Main PID: 17958 (dockerd)
==> default:    Memory: 13.2M
==> default:    CGroup: /system.slice/docker.service
==> default:            ├─17958 /usr/bin/dockerd
==> default:            └─17964 docker-containerd -l unix:///var/run/docker/libcontainerd/docker-containerd.sock --metri
cs-interval=0 --start-timeout 2m --state-dir /var/run/docker/libcontainerd/containerd --shim docker-containerd-shim --ru
ntime docker-runc
==> default:
==> default: Jul 21 04:24:06 CBS-DEV-HOST dockerd[17958]: time="2017-07-21T04:24:06.977000283Z" level=info msg="libconta
inerd: new containerd process, pid: 17964"
==> default: Jul 21 04:24:07 CBS-DEV-HOST dockerd[17958]: time="2017-07-21T04:24:07.980356748Z" level=warning msg="faile
d to rename /var/lib/docker/tmp for background deletion: rename /var/lib/docker/tmp /var/lib/docker/tmp-old: no such fil
e or directory. Deleting synchronously"
==> default: Jul 21 04:24:08 CBS-DEV-HOST dockerd[17958]: time="2017-07-21T04:24:08.014546603Z" level=info msg="Graph mi
gration to content-addressability took 0.00 seconds"
==> default: Jul 21 04:24:08 CBS-DEV-HOST dockerd[17958]: time="2017-07-21T04:24:08.015544363Z" level=info msg="Loading
containers: start."
==> default: Jul 21 04:24:08 CBS-DEV-HOST dockerd[17958]: time="2017-07-21T04:24:08.097474700Z" level=info msg="Default
bridge (docker0) is assigned with an IP address 172.17.0.0/16. Daemon option --bip can be used to set a preferred IP add
ress"
==> default: Jul 21 04:24:08 CBS-DEV-HOST dockerd[17958]: time="2017-07-21T04:24:08.137170156Z" level=info msg="Loading
containers: done."
==> default: Jul 21 04:24:08 CBS-DEV-HOST dockerd[17958]: time="2017-07-21T04:24:08.152700058Z" level=info msg="Daemon h
as completed initialization"
==> default: Jul 21 04:24:08 CBS-DEV-HOST dockerd[17958]: time="2017-07-21T04:24:08.152722131Z" level=info msg="Docker d
aemon" commit=02c1d87 graphdriver=overlay version=17.06.0-ce
==> default: Jul 21 04:24:08 CBS-DEV-HOST dockerd[17958]: time="2017-07-21T04:24:08.158275524Z" level=info msg="API list
en on /var/run/docker.sock"
==> default: Jul 21 04:24:08 CBS-DEV-HOST systemd[1]: Started Docker Application Container Engine.
==> default: Created symlink from /etc/systemd/system/multi-user.target.wants/docker.service to /usr/lib/systemd/system/
docker.service.
==> default: ###### INFO: Adding Vagrant to Docker ######################
==> default: ************************************************************
==> default: **************** Installing Bluemix CLI ********************
==> default: ************************************************************
==> default: Current platform is Linux64. Downloading corresponding Bluemix CLI...
==> default:
==> default:  % Total    % Received % Xferd  Average Speed   Time    Time     Time  Current
==> default:                                  Dload  Upload   Total   Spent    Left  Speed
  0     0    0     0    0     0      0      0 --:--:-- --:--:-- --:--:--     0
100   110    0   110    0     0    320      0 --:--:-- --:--:-- --:--:--   321
  0     0    0     0    0     0      0      0 --:--:-- --:--:-- --:--:--     0
 44 11.7M   44 5344k    0     0  3298k      0  0:00:03  0:00:01  0:00:02 5509k
100 11.7M  100 11.7M    0     0  5207k      0  0:00:02  0:00:02 --:--:-- 7254k
==> default: Download complete. Executing installer...
==> default:   % Total    % Received % Xferd  Average Speed   Time    Time     Time  Current
==> default:                                  Dload  Upload   Total   Spent    Left  Speed
  0     0    0     0    0     0      0      0 --:--:-- --:--:-- --:--:--     0
  0     0    0     0    0     0      0      0 --:--:-- --:--:-- --:--:--     0
100    40    0    40    0     0    114      0 --:--:-- --:--:-- --:--:--   114
==> default: Bluemix_CLI/
==> default: Bluemix_CLI/bx/
==> default: Bluemix_CLI/bx/zsh_autocomplete
==> default: Bluemix_CLI/bx/bash_autocomplete
==> default: Bluemix_CLI/bin/
==> default: Bluemix_CLI/bin/NOTICE
==> default: Bluemix_CLI/bin/cfcli/
==> default: Bluemix_CLI/bin/cfcli/cf
==> default: Bluemix_CLI/bin/LICENSE
==> default: Bluemix_CLI/bin/bluemix
==> default: Bluemix_CLI/bin/bluemix-analytics
==> default: Bluemix_CLI/install_bluemix_cli
==> default: Copying files ...
==> default: The Bluemix Command Line Interface (Bluemix CLI) is installed successfully.
==> default: To get started, open a new Linux terminal and enter "bluemix help", or enter "bx help" as short name.
==> default:
==> default: With Bluemix CLI 0.4.0 or later, the CLI can automatically collect diagnostic and usage information and sen
d it to Bluemix for analysis.
==> default: This information will help us better understand current client usage and plan for future use. No personally
 identifiable data is collected.
==> default:
==> default: To stop collecting information, you can run the following command:
==> default:         'bluemix config --usage-stats-collect false'
==> default: Install complete.
==> default: ************************************************************
==> default: **************** Installing kubectl ************************
==> default: ************************************************************
==> default:   % Total    % Received % Xferd  Average Speed   Time    Time
==> default: Time  Current
==> default:
==> default:                    Dload  Upload   Total   Spent    Left  Speed
  0     0    0     0    0     0      0      0 --:--:-- --:--:-- --:--:--     0
  4 69.0M    4 2910k    0     0  4860k      0  0:00:14 --:--:--  0:00:14 4859k
 19 69.0M   19 13.5M    0     0  8696k      0  0:00:08  0:00:01  0:00:07 8695k
 35 69.0M   35 24.2M    0     0  9572k      0  0:00:07  0:00:02  0:00:05 9572k
 50 69.0M   50 35.0M    0     0  9963k      0  0:0
==> default: 0:07  0:00:03  0:00:04 9962k
 66 69.0M   66 45.7M    0     0   9.9M      0  0:00:06  0:00:04  0:00:02  9.9M
 81 69.0M   81 56.4M    0     0  10.0M      0  0:00:06  0:00:05  0:00:01 10.7M
 97 69.0M   97 67.1M    0     0  10.1M      0  0:00:06  0:00:06 --:--:-- 10.7M
100 69.0M  100 69.0M    0     0  10.1M      0  0:00:06  0:00:06 --:--:-- 10.7M
==> default: Running provisioner: shell...
    default: Running: inline script
==> default: ************************************************************
==> default: ************** Installing Bluemix dev plugin ***************
==> default: ************************************************************
==> default: Looking up 'dev' from repository 'Bluemix'...
==> default: Attempting to download the binary file...
==> default: 13500197 bytes downloaded
==> default: Installing binary...
==> default: OK
==> default: Plug-in 'dev 0.1.15' was successfully installed into /home/vagrant/.bluemix/plugins/dev. Use 'bx plugin sho
w dev' to show its details.
==> default: ************************************************************
==> default: *********** Installing Bluemix container-service plugin ****
==> default: ************************************************************
==> default: Looking up 'container-service' from repository 'Bluemix'...
==> default: Attempting to download the binary file...
==> default: 21500899 bytes downloaded
==> default: Installing binary...
==> default: OK
==> default: Plug-in 'container-service 0.1.283' was successfully installed into /home/vagrant/.bluemix/plugins/containe
r-service. Use 'bx plugin show container-service' to show its details.
==> default: ************************************************************
==> default: ******** Installing Bluemix container-registry plugin ******
==> default: ************************************************************
==> default: Looking up 'container-registry' from repository 'Bluemix'...
==> default: Attempting to download the binary file...
==> default: 11941740 bytes downloaded
==> default: Installing binary...
==> default: OK
==> default: Plug-in 'container-registry 0.1.171' was successfully installed into /home/vagrant/.bluemix/plugins/contain
er-registry. Use 'bx plugin show container-registry' to show its details.
PS C:\CBS>